2020-11-11 11:39:25.836 | INFO     | httprunner.runner:test_start:451 - Start to run testcase: 预检分诊工作站-用户登录, TestCase ID: 553c8f76-1a3c-4faf-9279-14468b0ad463
2020-11-11 11:39:25.840 | INFO     | httprunner.runner:__run_step:292 - run step begin: 用户名密码正确，登录成功 >>>>>>
2020-11-11 11:39:25.870 | DEBUG    | httprunner.client:request:186 - client IP: 127.0.0.1, Port: 56365
2020-11-11 11:39:25.871 | DEBUG    | httprunner.client:request:194 - server IP: 127.0.0.1, Port: 8889
2020-11-11 11:39:25.872 | DEBUG    | httprunner.client:log_print:40 - 
================== request details ==================
method   : POST
url      : http://192.168.1.15:8080/sso/userPassword
headers  : {
    "User-Agent": "Mozilla/5.0 (Windows NT 10.0; WOW64; rv:44.0) Gecko/20100101 Firefox/44.0",
    "Accept-Encoding": "gzip, deflate",
    "Accept": "*/*",
    "Connection": "keep-alive",
    "Content-Type": "application/x-www-form-urlencoded",
    "HRUN-Request-ID": "HRUN-553c8f76-1a3c-4faf-9279-14468b0ad463-965842",
    "Content-Length": "28"
}
cookies  : {}
body     : user=jizhen1&password=111111

2020-11-11 11:39:25.874 | DEBUG    | httprunner.client:log_print:40 - 
================== response details ==================
status_code : 200
headers  : {
    "Server": "Apache-Coyote/1.1",
    "Pragma": "no-cache",
    "Cache-Control": "no-cache",
    "Expires": "Thu, 01 Jan 1970 00:00:00 GMT",
    "Content-Type": "application/json;charset=UTF-8",
    "Transfer-Encoding": "chunked",
    "Date": "Wed, 11 Nov 2020 03:37:42 GMT"
}
cookies  : {}
encoding : UTF-8
content_type : application/json;charset=UTF-8
body     : {
    "login": "success"
}

2020-11-11 11:39:25.875 | INFO     | httprunner.client:request:218 - status_code: 200, response_time(ms): 28.0 ms, response_length: 0 bytes
2020-11-11 11:39:25.877 | INFO     | httprunner.response:validate:246 - assert body.login equal success(str)	==> pass
2020-11-11 11:39:25.878 | INFO     | httprunner.runner:__run_step:304 - run step end: 用户名密码正确，登录成功 <<<<<<

2020-11-11 11:39:25.879 | INFO     | httprunner.runner:__run_step:292 - run step begin: 密码输入错误，登录失败 >>>>>>
2020-11-11 11:39:25.893 | DEBUG    | httprunner.client:request:186 - client IP: 127.0.0.1, Port: 56365
2020-11-11 11:39:25.894 | DEBUG    | httprunner.client:request:194 - server IP: 127.0.0.1, Port: 8889
2020-11-11 11:39:25.896 | DEBUG    | httprunner.client:log_print:40 - 
================== request details ==================
method   : POST
url      : http://192.168.1.15:8080/sso/userPassword
headers  : {
    "User-Agent": "Mozilla/5.0 (Windows NT 10.0; WOW64; rv:44.0) Gecko/20100101 Firefox/44.0",
    "Accept-Encoding": "gzip, deflate",
    "Accept": "*/*",
    "Connection": "keep-alive",
    "Content-Type": "application/x-www-form-urlencoded",
    "HRUN-Request-ID": "HRUN-553c8f76-1a3c-4faf-9279-14468b0ad463-965880",
    "Content-Length": "25"
}
cookies  : {}
body     : user=jizhen1&password=111

2020-11-11 11:39:25.898 | DEBUG    | httprunner.client:log_print:40 - 
================== response details ==================
status_code : 200
headers  : {
    "Server": "Apache-Coyote/1.1",
    "Pragma": "no-cache",
    "Cache-Control": "no-cache",
    "Expires": "Thu, 01 Jan 1970 00:00:00 GMT",
    "Content-Type": "application/json;charset=UTF-8",
    "Transfer-Encoding": "chunked",
    "Date": "Wed, 11 Nov 2020 03:37:42 GMT"
}
cookies  : {}
encoding : UTF-8
content_type : application/json;charset=UTF-8
body     : {
    "login": "fail"
}

2020-11-11 11:39:25.899 | INFO     | httprunner.client:request:218 - status_code: 200, response_time(ms): 13.0 ms, response_length: 0 bytes
2020-11-11 11:39:25.900 | INFO     | httprunner.response:validate:246 - assert body.login equal fail(str)	==> pass
2020-11-11 11:39:25.901 | INFO     | httprunner.runner:__run_step:304 - run step end: 密码输入错误，登录失败 <<<<<<

2020-11-11 11:39:25.903 | INFO     | httprunner.runner:__run_step:292 - run step begin: 密码输入为空，登录失败 >>>>>>
2020-11-11 11:39:25.960 | DEBUG    | httprunner.client:request:186 - client IP: 127.0.0.1, Port: 56365
2020-11-11 11:39:25.962 | DEBUG    | httprunner.client:request:194 - server IP: 127.0.0.1, Port: 8889
2020-11-11 11:39:25.963 | DEBUG    | httprunner.client:log_print:40 - 
================== request details ==================
method   : POST
url      : http://192.168.1.15:8080/sso/userPassword
headers  : {
    "User-Agent": "Mozilla/5.0 (Windows NT 10.0; WOW64; rv:44.0) Gecko/20100101 Firefox/44.0",
    "Accept-Encoding": "gzip, deflate",
    "Accept": "*/*",
    "Connection": "keep-alive",
    "Content-Type": "application/x-www-form-urlencoded",
    "HRUN-Request-ID": "HRUN-553c8f76-1a3c-4faf-9279-14468b0ad463-965904",
    "Content-Length": "12"
}
cookies  : {}
body     : user=jizhen1

2020-11-11 11:39:25.965 | DEBUG    | httprunner.client:log_print:40 - 
================== response details ==================
status_code : 200
headers  : {
    "Server": "Apache-Coyote/1.1",
    "Pragma": "no-cache",
    "Cache-Control": "no-cache",
    "Expires": "Thu, 01 Jan 1970 00:00:00 GMT",
    "Content-Type": "application/json;charset=UTF-8",
    "Transfer-Encoding": "chunked",
    "Date": "Wed, 11 Nov 2020 03:37:42 GMT"
}
cookies  : {}
encoding : UTF-8
content_type : application/json;charset=UTF-8
body     : {
    "login": "fail"
}

2020-11-11 11:39:25.967 | INFO     | httprunner.client:request:218 - status_code: 200, response_time(ms): 56.0 ms, response_length: 0 bytes
2020-11-11 11:39:25.968 | INFO     | httprunner.response:validate:246 - assert body.login equal fail(str)	==> pass
2020-11-11 11:39:25.969 | INFO     | httprunner.runner:__run_step:304 - run step end: 密码输入为空，登录失败 <<<<<<

2020-11-11 11:39:25.970 | INFO     | httprunner.runner:__run_step:292 - run step begin: 请求参数不带mac地址，登录成功 >>>>>>
2020-11-11 11:39:25.985 | DEBUG    | httprunner.client:request:186 - client IP: 127.0.0.1, Port: 56365
2020-11-11 11:39:25.986 | DEBUG    | httprunner.client:request:194 - server IP: 127.0.0.1, Port: 8889
2020-11-11 11:39:25.988 | DEBUG    | httprunner.client:log_print:40 - 
================== request details ==================
method   : POST
url      : http://192.168.1.15:8080/sso/userPassword
headers  : {
    "User-Agent": "Mozilla/5.0 (Windows NT 10.0; WOW64; rv:44.0) Gecko/20100101 Firefox/44.0",
    "Accept-Encoding": "gzip, deflate",
    "Accept": "*/*",
    "Connection": "keep-alive",
    "Content-Type": "application/x-www-form-urlencoded",
    "HRUN-Request-ID": "HRUN-553c8f76-1a3c-4faf-9279-14468b0ad463-965971",
    "Content-Length": "28"
}
cookies  : {}
body     : user=jizhen1&password=111111

2020-11-11 11:39:25.990 | DEBUG    | httprunner.client:log_print:40 - 
================== response details ==================
status_code : 200
headers  : {
    "Server": "Apache-Coyote/1.1",
    "Pragma": "no-cache",
    "Cache-Control": "no-cache",
    "Expires": "Thu, 01 Jan 1970 00:00:00 GMT",
    "Content-Type": "application/json;charset=UTF-8",
    "Transfer-Encoding": "chunked",
    "Date": "Wed, 11 Nov 2020 03:37:42 GMT"
}
cookies  : {}
encoding : UTF-8
content_type : application/json;charset=UTF-8
body     : {
    "login": "success"
}

2020-11-11 11:39:25.991 | INFO     | httprunner.client:request:218 - status_code: 200, response_time(ms): 14.0 ms, response_length: 0 bytes
2020-11-11 11:39:25.992 | INFO     | httprunner.response:validate:246 - assert body.login equal success(str)	==> pass
2020-11-11 11:39:25.993 | INFO     | httprunner.runner:__run_step:304 - run step end: 请求参数不带mac地址，登录成功 <<<<<<

